C:\Users\Evert\Documents\Visual Studio 2010\Projects\Project_KB01\Debug\GameEngine.pdb
C:\USERS\EVERT\DOCUMENTS\VISUAL STUDIO 2010\PROJECTS\PROJECT_KB01\GAMEENGINE\DEBUG\CAMERA.OBJ
C:\Users\Evert\Documents\Visual Studio 2010\Projects\Project_KB01\GameEngine\Debug\cl.command.1.tlog
C:\Users\Evert\Documents\Visual Studio 2010\Projects\Project_KB01\GameEngine\Debug\CL.read.1.tlog
C:\Users\Evert\Documents\Visual Studio 2010\Projects\Project_KB01\GameEngine\Debug\CL.write.1.tlog
C:\USERS\EVERT\DOCUMENTS\VISUAL STUDIO 2010\PROJECTS\PROJECT_KB01\GAMEENGINE\DEBUG\D3DTEST.OBJ
C:\USERS\EVERT\DOCUMENTS\VISUAL STUDIO 2010\PROJECTS\PROJECT_KB01\GAMEENGINE\DEBUG\DIRECTX.OBJ
C:\USERS\EVERT\DOCUMENTS\VISUAL STUDIO 2010\PROJECTS\PROJECT_KB01\GAMEENGINE\DEBUG\ENTITY.OBJ
C:\USERS\EVERT\DOCUMENTS\VISUAL STUDIO 2010\PROJECTS\PROJECT_KB01\GAMEENGINE\DEBUG\ENTITYY.OBJ
C:\Users\Evert\Documents\Visual Studio 2010\Projects\Project_KB01\GameEngine\Debug\GameEngine.exe.embed.manifest
C:\USERS\EVERT\DOCUMENTS\VISUAL STUDIO 2010\PROJECTS\PROJECT_KB01\GAMEENGINE\DEBUG\GAMEENGINE.EXE.EMBED.MANIFEST.RES
C:\Users\Evert\Documents\Visual Studio 2010\Projects\Project_KB01\GameEngine\Debug\GameEngine.exe.intermediate.manifest
C:\USERS\EVERT\DOCUMENTS\VISUAL STUDIO 2010\PROJECTS\PROJECT_KB01\GAMEENGINE\DEBUG\GAMEENGINE.OBJ
C:\Users\Evert\Documents\Visual Studio 2010\Projects\Project_KB01\GameEngine\Debug\GameEngine.vcxprojResolveAssemblyReference.cache
C:\Users\Evert\Documents\Visual Studio 2010\Projects\Project_KB01\GameEngine\Debug\GameEngine.write.1.tlog
C:\Users\Evert\Documents\Visual Studio 2010\Projects\Project_KB01\GameEngine\Debug\GameEngine_manifest.rc
C:\USERS\EVERT\DOCUMENTS\VISUAL STUDIO 2010\PROJECTS\PROJECT_KB01\GAMEENGINE\DEBUG\GROUND.OBJ
C:\USERS\EVERT\DOCUMENTS\VISUAL STUDIO 2010\PROJECTS\PROJECT_KB01\GAMEENGINE\DEBUG\HEIGHTMAP.OBJ
C:\USERS\EVERT\DOCUMENTS\VISUAL STUDIO 2010\PROJECTS\PROJECT_KB01\GAMEENGINE\DEBUG\KERNEL.OBJ
C:\Users\Evert\Documents\Visual Studio 2010\Projects\Project_KB01\GameEngine\Debug\link.command.1.tlog
C:\Users\Evert\Documents\Visual Studio 2010\Projects\Project_KB01\GameEngine\Debug\link.read.1.tlog
C:\Users\Evert\Documents\Visual Studio 2010\Projects\Project_KB01\GameEngine\Debug\link.write.1.tlog
C:\Users\Evert\Documents\Visual Studio 2010\Projects\Project_KB01\GameEngine\Debug\link-cvtres.read.1.tlog
C:\Users\Evert\Documents\Visual Studio 2010\Projects\Project_KB01\GameEngine\Debug\link-cvtres.write.1.tlog
C:\USERS\EVERT\DOCUMENTS\VISUAL STUDIO 2010\PROJECTS\PROJECT_KB01\GAMEENGINE\DEBUG\LOGGER.OBJ
C:\USERS\EVERT\DOCUMENTS\VISUAL STUDIO 2010\PROJECTS\PROJECT_KB01\GAMEENGINE\DEBUG\MESH.OBJ
C:\USERS\EVERT\DOCUMENTS\VISUAL STUDIO 2010\PROJECTS\PROJECT_KB01\GAMEENGINE\DEBUG\MODEL.OBJ
C:\Users\Evert\Documents\Visual Studio 2010\Projects\Project_KB01\GameEngine\Debug\rc.command.1.tlog
C:\Users\Evert\Documents\Visual Studio 2010\Projects\Project_KB01\GameEngine\Debug\rc.read.1.tlog
C:\Users\Evert\Documents\Visual Studio 2010\Projects\Project_KB01\GameEngine\Debug\rc.write.1.tlog
C:\USERS\EVERT\DOCUMENTS\VISUAL STUDIO 2010\PROJECTS\PROJECT_KB01\GAMEENGINE\DEBUG\RENDERER.OBJ
C:\USERS\EVERT\DOCUMENTS\VISUAL STUDIO 2010\PROJECTS\PROJECT_KB01\GAMEENGINE\DEBUG\RESOURCE.OBJ
C:\USERS\EVERT\DOCUMENTS\VISUAL STUDIO 2010\PROJECTS\PROJECT_KB01\GAMEENGINE\DEBUG\RESOURCECONTROLLER.OBJ
C:\USERS\EVERT\DOCUMENTS\VISUAL STUDIO 2010\PROJECTS\PROJECT_KB01\GAMEENGINE\DEBUG\SCENE.OBJ
C:\USERS\EVERT\DOCUMENTS\VISUAL STUDIO 2010\PROJECTS\PROJECT_KB01\GAMEENGINE\DEBUG\SCENECONTROLLER.OBJ
C:\USERS\EVERT\DOCUMENTS\VISUAL STUDIO 2010\PROJECTS\PROJECT_KB01\GAMEENGINE\DEBUG\SKYBOX.OBJ
C:\USERS\EVERT\DOCUMENTS\VISUAL STUDIO 2010\PROJECTS\PROJECT_KB01\GAMEENGINE\DEBUG\TEXTURE.OBJ
C:\Users\Evert\Documents\Visual Studio 2010\Projects\Project_KB01\GameEngine\Debug\vc100.idb
C:\USERS\EVERT\DOCUMENTS\VISUAL STUDIO 2010\PROJECTS\PROJECT_KB01\GAMEENGINE\DEBUG\VC100.PDB
C:\USERS\EVERT\DOCUMENTS\VISUAL STUDIO 2010\PROJECTS\PROJECT_KB01\GAMEENGINE\DEBUG\WINDOW.OBJ
