Build started 2014-12-11 12:37:16.
     1>Project "C:\Users\sha\Desktop\kb01\Project_KB01_2\GameEngine\GameEngine.vcxproj" on node 2 (build target(s)).
     1>InitializeBuildStatus:
         Creating "Release\GameEngine.unsuccessfulbuild" because "AlwaysCreate" was specified.
       ClCompile:
         c:\Program Files (x86)\Microsoft Visual Studio 10.0\VC\bin\CL.exe /c /Zi /nologo /W3 /WX- /O2 /Oi /Oy- /GL /D WIN32 /D NDEBUG /D _CONSOLE /D _UNICODE /D UNICODE /Gm- /EHsc /MD /GS /Gy /fp:precise /Zc:wchar_t /Zc:forScope /Yu"StdAfx.h" /Fp"Release\GameEngine.pch" /Fo"Release\\" /Fd"Release\vc100.pdb" /Gd /TP /analyze- /errorReport:prompt Camera.cpp DirectX.cpp Entity.cpp GameEngine.cpp Ground.cpp HeightMap.cpp Kernel.cpp Logger.cpp Mesh.cpp Model.cpp Resource.cpp ResourceController.cpp Scene.cpp SceneController.cpp Skybox.cpp Texture.cpp Window.cpp WindowController.cpp
         Camera.cpp
     1>Camera.cpp : fatal error C1853: 'Release\GameEngine.pch' precompiled header file is from a previous version of the compiler, or the precompiled header is C++ and you are using it from C (or vice versa)
         DirectX.cpp
     1>DirectX.cpp : fatal error C1853: 'Release\GameEngine.pch' precompiled header file is from a previous version of the compiler, or the precompiled header is C++ and you are using it from C (or vice versa)
         Entity.cpp
     1>Entity.cpp : fatal error C1853: 'Release\GameEngine.pch' precompiled header file is from a previous version of the compiler, or the precompiled header is C++ and you are using it from C (or vice versa)
         GameEngine.cpp
     1>GameEngine.cpp : fatal error C1853: 'Release\GameEngine.pch' precompiled header file is from a previous version of the compiler, or the precompiled header is C++ and you are using it from C (or vice versa)
         Ground.cpp
     1>Ground.cpp : fatal error C1853: 'Release\GameEngine.pch' precompiled header file is from a previous version of the compiler, or the precompiled header is C++ and you are using it from C (or vice versa)
         HeightMap.cpp
     1>HeightMap.cpp : fatal error C1853: 'Release\GameEngine.pch' precompiled header file is from a previous version of the compiler, or the precompiled header is C++ and you are using it from C (or vice versa)
         Kernel.cpp
     1>Kernel.cpp : fatal error C1853: 'Release\GameEngine.pch' precompiled header file is from a previous version of the compiler, or the precompiled header is C++ and you are using it from C (or vice versa)
         Logger.cpp
     1>Logger.cpp : fatal error C1853: 'Release\GameEngine.pch' precompiled header file is from a previous version of the compiler, or the precompiled header is C++ and you are using it from C (or vice versa)
         Mesh.cpp
     1>Mesh.cpp : fatal error C1853: 'Release\GameEngine.pch' precompiled header file is from a previous version of the compiler, or the precompiled header is C++ and you are using it from C (or vice versa)
         Model.cpp
     1>Model.cpp : fatal error C1853: 'Release\GameEngine.pch' precompiled header file is from a previous version of the compiler, or the precompiled header is C++ and you are using it from C (or vice versa)
         Resource.cpp
     1>Resource.cpp : fatal error C1853: 'Release\GameEngine.pch' precompiled header file is from a previous version of the compiler, or the precompiled header is C++ and you are using it from C (or vice versa)
         ResourceController.cpp
     1>ResourceController.cpp : fatal error C1853: 'Release\GameEngine.pch' precompiled header file is from a previous version of the compiler, or the precompiled header is C++ and you are using it from C (or vice versa)
         Scene.cpp
     1>Scene.cpp : fatal error C1853: 'Release\GameEngine.pch' precompiled header file is from a previous version of the compiler, or the precompiled header is C++ and you are using it from C (or vice versa)
         SceneController.cpp
     1>SceneController.cpp : fatal error C1853: 'Release\GameEngine.pch' precompiled header file is from a previous version of the compiler, or the precompiled header is C++ and you are using it from C (or vice versa)
         Skybox.cpp
     1>Skybox.cpp : fatal error C1853: 'Release\GameEngine.pch' precompiled header file is from a previous version of the compiler, or the precompiled header is C++ and you are using it from C (or vice versa)
         Texture.cpp
     1>Texture.cpp : fatal error C1853: 'Release\GameEngine.pch' precompiled header file is from a previous version of the compiler, or the precompiled header is C++ and you are using it from C (or vice versa)
         Window.cpp
     1>Window.cpp : fatal error C1853: 'Release\GameEngine.pch' precompiled header file is from a previous version of the compiler, or the precompiled header is C++ and you are using it from C (or vice versa)
         WindowController.cpp
     1>WindowController.cpp : fatal error C1853: 'Release\GameEngine.pch' precompiled header file is from a previous version of the compiler, or the precompiled header is C++ and you are using it from C (or vice versa)
     1>Done Building Project "C:\Users\sha\Desktop\kb01\Project_KB01_2\GameEngine\GameEngine.vcxproj" (build target(s)) -- FAILED.

Build FAILED.

Time Elapsed 00:00:00.57
